<?xml version="1.0" encoding="UTF-8"?>
<!-- Generated by org.testng.reporters.JUnitReportReporter -->
<testsuite hostname="pmpu115" name="com.example.tests.AlsoGroupCreationTests" tests="2" failures="0" timestamp="22 May 2014 20:20:15 GMT" time="2.312" errors="0">
  <testcase name="testEmptyGroupCreation" time="1.092" classname="com.example.tests.AlsoGroupCreationTests"/>
  <testcase name="testNonEmptyGroupCreation" time="1.220" classname="com.example.tests.AlsoGroupCreationTests"/>
</testsuite> <!-- com.example.tests.AlsoGroupCreationTests -->
