<?xml version="1.0" encoding="UTF-8"?>
<!-- Generated by org.testng.reporters.JUnitReportReporter -->
<testsuite hostname="pmpu115" name="com.example.tests.ContactCreationTest" tests="3" failures="0" timestamp="8 Jun 2014 10:38:56 GMT" time="4.991" errors="0">
  <testcase name="testEmptyContactCreation" time="1.711" classname="com.example.tests.ContactCreationTest"/>
  <testcase name="testFullContactCreation" time="1.843" classname="com.example.tests.ContactCreationTest"/>
  <testcase name="testAnotherEmptyContactCreation" time="1.437" classname="com.example.tests.ContactCreationTest"/>
</testsuite> <!-- com.example.tests.ContactCreationTest -->
