<?xml version="1.0" encoding="UTF-8"?>
<!-- Generated by org.testng.reporters.JUnitReportReporter -->
<testsuite hostname="pmpu115" name="com.example.tests.ContactCreation" tests="2" failures="0" timestamp="22 May 2014 19:54:46 GMT" time="4.708" errors="0">
  <testcase name="testnoneEmptyContactCreation" time="2.566" classname="com.example.tests.ContactCreation"/>
  <testcase name="testEmptyContactCreation" time="2.142" classname="com.example.tests.ContactCreation"/>
</testsuite> <!-- com.example.tests.ContactCreation -->
