<?xml version="1.0" encoding="UTF-8"?>
<!-- Generated by org.testng.reporters.JUnitReportReporter -->
<testsuite hostname="pmpu115" name="com.example.tests.GroupCreationTests" tests="2" failures="0" timestamp="20 May 2014 18:34:31 GMT" time="3.470" errors="0">
  <testcase name="testEmptyGroupCreation" time="1.809" classname="com.example.tests.GroupCreationTests"/>
  <testcase name="testNonEmptyGroupCreation" time="1.661" classname="com.example.tests.GroupCreationTests"/>
</testsuite> <!-- com.example.tests.GroupCreationTests -->
