<?xml version="1.0" encoding="UTF-8"?>
<!-- Generated by org.testng.reporters.JUnitReportReporter -->
<testsuite hostname="pmpu115" name="com.example.tests.AlsoGroupCreationTests" tests="2" failures="0" timestamp="31 May 2014 20:19:15 GMT" time="1.985" errors="0">
  <testcase name="testEmptyGroupCreation" time="0.944" classname="com.example.tests.AlsoGroupCreationTests"/>
  <testcase name="testNonEmptyGroupCreation" time="1.041" classname="com.example.tests.AlsoGroupCreationTests"/>
</testsuite> <!-- com.example.tests.AlsoGroupCreationTests -->
