<?xml version="1.0" encoding="UTF-8"?>
<!-- Generated by org.testng.reporters.JUnitReportReporter -->
<testsuite hostname="pmpu115" name="com.example.tests.AlsoGroupCreationTests" tests="2" failures="0" timestamp="31 May 2014 20:47:59 GMT" time="2.109" errors="0">
  <testcase name="testNonEmptyGroupCreation" time="1.225" classname="com.example.tests.AlsoGroupCreationTests"/>
  <testcase name="testEmptyGroupCreation" time="0.884" classname="com.example.tests.AlsoGroupCreationTests"/>
</testsuite> <!-- com.example.tests.AlsoGroupCreationTests -->
