<?xml version="1.0" encoding="UTF-8"?>
<!-- Generated by org.testng.reporters.JUnitReportReporter -->
<testsuite hostname="pmpu115" name="com.example.tests.ContactRemovalTest" tests="1" failures="0" timestamp="2 Jun 2014 19:08:31 GMT" time="1.756" errors="0">
  <testcase name="deleteSomeGroup" time="1.756" classname="com.example.tests.ContactRemovalTest"/>
</testsuite> <!-- com.example.tests.ContactRemovalTest -->
