<?xml version="1.0" encoding="UTF-8"?>
<!-- Generated by org.testng.reporters.JUnitReportReporter -->
<testsuite hostname="pmpu115" name="com.example.tests.GroupCreationTests" tests="2" failures="0" timestamp="31 May 2014 20:47:59 GMT" time="2.046" errors="0">
  <testcase name="testNonEmptyGroupCreation" time="1.141" classname="com.example.tests.GroupCreationTests"/>
  <testcase name="testEmptyGroupCreation" time="0.905" classname="com.example.tests.GroupCreationTests"/>
</testsuite> <!-- com.example.tests.GroupCreationTests -->
