<?xml version="1.0" encoding="UTF-8"?>
<!-- Generated by org.testng.reporters.JUnitReportReporter -->
<testsuite hostname="pmpu115" name="com.example.tests.ContactCreationTest" tests="3" failures="0" timestamp="31 May 2014 22:28:24 GMT" time="8.245" errors="0">
  <testcase name="testEmptyContactCreation" time="2.174" classname="com.example.tests.ContactCreationTest"/>
  <testcase name="testAnotherEmptyContactCreation" time="3.384" classname="com.example.tests.ContactCreationTest"/>
  <testcase name="testFullContactCreation" time="2.687" classname="com.example.tests.ContactCreationTest"/>
</testsuite> <!-- com.example.tests.ContactCreationTest -->
