<?xml version="1.0" encoding="UTF-8"?>
<!-- Generated by org.testng.reporters.JUnitReportReporter -->
<testsuite hostname="pmpu115" name="com.example.tests.GroupModificationTests" tests="5" failures="0" timestamp="8 Jun 2014 13:21:32 GMT" time="8.910" errors="0">
  <testcase name="modifySomeGroup" time="1.480" classname="com.example.tests.GroupModificationTests"/>
  <testcase name="modifySomeGroup" time="1.386" classname="com.example.tests.GroupModificationTests"/>
  <testcase name="modifySomeGroup" time="3.176" classname="com.example.tests.GroupModificationTests"/>
  <testcase name="modifySomeGroup" time="1.435" classname="com.example.tests.GroupModificationTests"/>
  <testcase name="modifySomeGroup" time="1.433" classname="com.example.tests.GroupModificationTests"/>
</testsuite> <!-- com.example.tests.GroupModificationTests -->
