<?xml version="1.0" encoding="UTF-8"?>
<!-- Generated by org.testng.reporters.JUnitReportReporter -->
<testsuite hostname="pmpu115" name="com.example.tests.ContactCreationTest" tests="1" failures="0" timestamp="31 May 2014 20:19:15 GMT" time="3.422" errors="0">
  <testcase name="testFullContactCreation" time="3.422" classname="com.example.tests.ContactCreationTest"/>
</testsuite> <!-- com.example.tests.ContactCreationTest -->
