<?xml version="1.0" encoding="UTF-8"?>
<!-- Generated by org.testng.reporters.JUnitReportReporter -->
<testsuite hostname="pmpu115" name="com.example.tests.ContactCreation" tests="2" failures="0" timestamp="22 May 2014 20:20:15 GMT" time="4.101" errors="0">
  <testcase name="testnoneEmptyContactCreation" time="2.315" classname="com.example.tests.ContactCreation"/>
  <testcase name="testEmptyContactCreation" time="1.786" classname="com.example.tests.ContactCreation"/>
</testsuite> <!-- com.example.tests.ContactCreation -->
