<?xml version="1.0" encoding="UTF-8"?>
<!-- Generated by org.testng.reporters.JUnitReportReporter -->
<testsuite hostname="pmpu115" name="com.example.tests.AlsoGroupCreationTests" tests="2" failures="0" timestamp="8 Jun 2014 10:38:56 GMT" time="2.182" errors="0">
  <testcase name="testEmptyGroupCreation" time="0.937" classname="com.example.tests.AlsoGroupCreationTests"/>
  <testcase name="testNonEmptyGroupCreation" time="1.245" classname="com.example.tests.AlsoGroupCreationTests"/>
</testsuite> <!-- com.example.tests.AlsoGroupCreationTests -->
