<?xml version="1.0" encoding="UTF-8"?>
<!-- Generated by org.testng.reporters.JUnitReportReporter -->
<testsuite hostname="pmpu115" name="com.example.tests.GroupCreationTests" tests="2" failures="0" timestamp="1 Jun 2014 17:02:52 GMT" time="4.122" errors="0">
  <testcase name="testNonEmptyGroupCreation" time="1.881" classname="com.example.tests.GroupCreationTests"/>
  <testcase name="testEmptyGroupCreation" time="2.241" classname="com.example.tests.GroupCreationTests"/>
</testsuite> <!-- com.example.tests.GroupCreationTests -->
