<?xml version="1.0" encoding="UTF-8"?>
<!-- Generated by org.testng.reporters.JUnitReportReporter -->
<testsuite hostname="pmpu115" name="com.example.tests.GroupRemovalTest" tests="1" failures="0" timestamp="2 Jun 2014 17:46:43 GMT" time="3.368" errors="0">
  <testcase name="deleteSomeGroup" time="3.368" classname="com.example.tests.GroupRemovalTest"/>
</testsuite> <!-- com.example.tests.GroupRemovalTest -->
