<?xml version="1.0" encoding="UTF-8"?>
<!-- Generated by org.testng.reporters.JUnitReportReporter -->
<testsuite hostname="pmpu115" name="com.example.tests.ContactRemovalTest" tests="1" failures="0" timestamp="8 Jun 2014 10:38:56 GMT" time="0.581" errors="0">
  <testcase name="deleteSomeGroup" time="0.581" classname="com.example.tests.ContactRemovalTest"/>
</testsuite> <!-- com.example.tests.ContactRemovalTest -->
