<?xml version="1.0" encoding="UTF-8"?>
<!-- Generated by org.testng.reporters.JUnitReportReporter -->
<testsuite hostname="pmpu115" name="com.example.tests.ContactModifyTest" tests="1" failures="0" timestamp="8 Jun 2014 10:38:56 GMT" time="1.136" errors="0">
  <testcase name="modifySomeContact" time="1.136" classname="com.example.tests.ContactModifyTest"/>
</testsuite> <!-- com.example.tests.ContactModifyTest -->
