<?xml version="1.0" encoding="UTF-8"?>
<!-- Generated by org.testng.reporters.JUnitReportReporter -->
<testsuite hostname="pmpu115" name="com.example.tests.GroupRemovalTest" tests="1" failures="0" timestamp="8 Jun 2014 13:09:55 GMT" time="1.904" errors="0">
  <testcase name="deleteSomeGroup" time="1.904" classname="com.example.tests.GroupRemovalTest"/>
</testsuite> <!-- com.example.tests.GroupRemovalTest -->
