<?xml version="1.0" encoding="UTF-8"?>
<!-- Generated by org.testng.reporters.JUnitReportReporter -->
<testsuite hostname="pmpu115" name="com.example.tests.AlsoGroupCreationTests" tests="2" failures="0" timestamp="20 May 2014 18:34:31 GMT" time="1.956" errors="0">
  <testcase name="testNonEmptyGroupCreation" time="1.133" classname="com.example.tests.AlsoGroupCreationTests"/>
  <testcase name="testEmptyGroupCreation" time="0.823" classname="com.example.tests.AlsoGroupCreationTests"/>
</testsuite> <!-- com.example.tests.AlsoGroupCreationTests -->
