<?xml version="1.0" encoding="UTF-8"?>
<!-- Generated by org.testng.reporters.JUnitReportReporter -->
<testsuite hostname="pmpu115" name="com.example.tests.ContactModifyTest" tests="1" failures="0" timestamp="2 Jun 2014 19:32:54 GMT" time="2.292" errors="0">
  <testcase name="modifySomeContact" time="2.292" classname="com.example.tests.ContactModifyTest"/>
</testsuite> <!-- com.example.tests.ContactModifyTest -->
