<?xml version="1.0" encoding="UTF-8"?>
<!-- Generated by org.testng.reporters.JUnitReportReporter -->
<testsuite hostname="pmpu115" name="com.example.tests.ContactCreationTest" tests="3" failures="0" timestamp="1 Jun 2014 17:08:45 GMT" time="6.988" errors="0">
  <testcase name="testEmptyContactCreation" time="1.838" classname="com.example.tests.ContactCreationTest"/>
  <testcase name="testFullContactCreation" time="2.447" classname="com.example.tests.ContactCreationTest"/>
  <testcase name="testAnotherEmptyContactCreation" time="2.703" classname="com.example.tests.ContactCreationTest"/>
</testsuite> <!-- com.example.tests.ContactCreationTest -->
